<?xml version="1.0" encoding="UTF-8"?>
<robot generator="Robot 6.0.1 (Python 3.10.8 on win32)" generated="20221109 09:55:02.379" rpa="false" schemaversion="3">
<suite id="s1" name="Online" source="C:\SmartBit\web\tests\online.robot">
<test id="s1-t1" name="Portal Admin deve esta online" line="15">
<kw name="New Browser" library="Browser">
<arg>headless=False</arg>
<arg>browser=chromium</arg>
<tag>BrowserControl</tag>
<tag>Setter</tag>
<doc>Create a new playwright Browser with specified options.</doc>
<msg timestamp="20221109 09:55:03.798" level="INFO">{"browser": "chromium", "headless": false, "devtools": false, "handleSIGHUP": true, "handleSIGINT": true, "handleSIGTERM": true, "slowMo": 0.0, "timeout": 30000.0, "deprecated_pos_args": [], "tracesDir": "C:\\SmartBit\\web\\logs\\browser\\traces\\4cebef87-2025-453d-b121-d826cd2b4f74"}</msg>
<msg timestamp="20221109 09:55:04.580" level="INFO">Successfully created browser with options: {"browser":"chromium","headless":false,"devtools":false,"handleSIGHUP":true,"handleSIGINT":true,"handleSIGTERM":true,"slowMo":0,"timeout":30000,"deprecated_pos_args":[],"tracesDir":"C:\\SmartBit\\web\\logs\\browser\\traces\\4cebef87-2025-453d-b121-d826cd2b4f74"}</msg>
<status status="PASS" starttime="20221109 09:55:03.797" endtime="20221109 09:55:04.580"/>
</kw>
<kw name="New Page" library="Browser">
<arg>http://localhost:3000</arg>
<tag>BrowserControl</tag>
<tag>Setter</tag>
<doc>Open a new Page.</doc>
<msg timestamp="20221109 09:55:05.949" level="INFO">Successfully initialized new page object and opened url: http://localhost:3000</msg>
<msg timestamp="20221109 09:55:05.949" level="INFO">No context was open. New context was automatically opened when this page is created.</msg>
<status status="PASS" starttime="20221109 09:55:04.588" endtime="20221109 09:55:05.949"/>
</kw>
<kw name="Get Text" library="Browser">
<arg>h1</arg>
<arg>contains</arg>
<arg>Painel do Administrador</arg>
<tag>Assertion</tag>
<tag>Getter</tag>
<tag>PageContent</tag>
<doc>Returns text attribute of the element found by ``selector``.</doc>
<status status="PASS" starttime="20221109 09:55:05.950" endtime="20221109 09:55:06.027"/>
</kw>
<kw name="Sleep" library="BuiltIn">
<arg>1</arg>
<doc>Pauses the test executed for the given time.</doc>
<msg timestamp="20221109 09:55:07.040" level="INFO">Slept 1 second</msg>
<status status="PASS" starttime="20221109 09:55:06.029" endtime="20221109 09:55:07.040"/>
</kw>
<status status="PASS" starttime="20221109 09:55:03.794" endtime="20221109 09:55:07.040"/>
</test>
<status status="PASS" starttime="20221109 09:55:02.382" endtime="20221109 09:55:07.144"/>
</suite>
<statistics>
<total>
<stat pass="1" fail="0" skip="0">All Tests</stat>
</total>
<tag>
</tag>
<suite>
<stat pass="1" fail="0" skip="0" id="s1" name="Online">Online</stat>
</suite>
</statistics>
<errors>
</errors>
</robot>
