<?xml version="1.0" encoding="UTF-8"?>
<robot generator="Robot 6.0.1 (Python 3.10.8 on win32)" generated="20230119 20:00:59.397" rpa="false" schemaversion="3">
<suite id="s1" name="Login" source="C:\SmartBit\apps\webb\tests\login.robot">
<test id="s1-t1" name="Login do Administrador" line="8">
<kw name="Go To Login Page" library="login">
<kw name="New Browser" library="Browser">
<arg>headless=False</arg>
<arg>browser=chromium</arg>
<tag>BrowserControl</tag>
<tag>Setter</tag>
<doc>Create a new playwright Browser with specified options.</doc>
<msg timestamp="20230119 20:01:00.285" level="INFO">{"browser": "chromium", "headless": false, "devtools": false, "handleSIGHUP": true, "handleSIGINT": true, "handleSIGTERM": true, "slowMo": 0.0, "timeout": 30000.0, "deprecated_pos_args": [], "tracesDir": "C:\\SmartBit\\apps\\webb\\tests\\logs\\browser\\traces\\755ecb24-3aa8-451b-bbce-091d16647512"}</msg>
<msg timestamp="20230119 20:01:00.648" level="INFO">Successfully created browser with options: {"browser":"chromium","headless":false,"devtools":false,"handleSIGHUP":true,"handleSIGINT":true,"handleSIGTERM":true,"slowMo":0,"timeout":30000,"deprecated_pos_args":[],"tracesDir":"C:\\SmartBit\\apps\\webb\\tests\\logs\\browser\\traces\\755ecb24-3aa8-451b-bbce-091d16647512"}</msg>
<status status="PASS" starttime="20230119 20:01:00.284" endtime="20230119 20:01:00.648"/>
</kw>
<kw name="New Page" library="Browser">
<arg>http://localhost:3000</arg>
<tag>BrowserControl</tag>
<tag>Setter</tag>
<doc>Open a new Page.</doc>
<msg timestamp="20230119 20:01:01.898" level="INFO">Successfully initialized new page object and opened url: http://localhost:3000</msg>
<msg timestamp="20230119 20:01:01.899" level="INFO">No context was open. New context was automatically opened when this page is created.</msg>
<status status="PASS" starttime="20230119 20:01:00.648" endtime="20230119 20:01:01.899"/>
</kw>
<kw name="Set Viewport Size" library="Browser">
<arg>1280</arg>
<arg>720</arg>
<tag>BrowserControl</tag>
<tag>Setter</tag>
<doc>Sets current Pages viewport size to specified dimensions.</doc>
<msg timestamp="20230119 20:01:01.915" level="INFO">Set viewport size to: [object Object]</msg>
<status status="PASS" starttime="20230119 20:01:01.899" endtime="20230119 20:01:01.915"/>
</kw>
<status status="PASS" starttime="20230119 20:01:00.284" endtime="20230119 20:01:01.916"/>
</kw>
<kw name="Fill Credentials" library="login">
<arg>admin@smartbit.com</arg>
<arg>qacademy</arg>
<kw name="Fill Text" library="Browser">
<arg>css=input[placeholder="Seu e-mail"]</arg>
<arg>${email}</arg>
<tag>PageContent</tag>
<tag>Setter</tag>
<doc>Clears and fills the given ``txt`` into the text field found by ``selector``.</doc>
<msg timestamp="20230119 20:01:01.918" level="INFO">Fills the text 'admin@smartbit.com' in the given field.</msg>
<status status="PASS" starttime="20230119 20:01:01.917" endtime="20230119 20:01:01.999"/>
</kw>
<kw name="Fill Text" library="Browser">
<arg>css=input[placeholder="Sua Senha"]</arg>
<arg>${password}</arg>
<tag>PageContent</tag>
<tag>Setter</tag>
<doc>Clears and fills the given ``txt`` into the text field found by ``selector``.</doc>
<msg timestamp="20230119 20:01:02.000" level="INFO">Fills the text 'qacademy' in the given field.</msg>
<status status="PASS" starttime="20230119 20:01:02.000" endtime="20230119 20:01:02.037"/>
</kw>
<status status="PASS" starttime="20230119 20:01:01.917" endtime="20230119 20:01:02.039"/>
</kw>
<kw name="Submit Credentials" library="login">
<kw name="Click" library="Browser">
<arg>css=button &gt;&gt; text=Entrar no sistema</arg>
<tag>PageContent</tag>
<tag>Setter</tag>
<doc>Simulates mouse click on the element found by ``selector``.</doc>
<status status="PASS" starttime="20230119 20:01:02.044" endtime="20230119 20:01:02.133"/>
</kw>
<status status="PASS" starttime="20230119 20:01:02.042" endtime="20230119 20:01:02.133"/>
</kw>
<kw name="User Should Be Looged In" library="navbar">
<arg>Admin</arg>
<kw name="Set Variable" library="BuiltIn">
<var>${logged_user}</var>
<arg>css=aside strong</arg>
<doc>Returns the given values which can then be assigned to a variables.</doc>
<msg timestamp="20230119 20:01:02.135" level="INFO">${logged_user} = css=aside strong</msg>
<status status="PASS" starttime="20230119 20:01:02.134" endtime="20230119 20:01:02.135"/>
</kw>
<kw name="Wait For Elements State" library="Browser">
<arg>${logged_user}</arg>
<arg>visible</arg>
<arg>5</arg>
<tag>PageContent</tag>
<tag>Wait</tag>
<doc>Waits for the element found by ``selector`` to satisfy state option.</doc>
<msg timestamp="20230119 20:01:07.500" level="INFO" html="true">&lt;/td&gt;&lt;/tr&gt;&lt;tr&gt;&lt;td colspan="3"&gt;&lt;a href="browser/screenshot/fail-screenshot-1.png"&gt;&lt;img src="browser/screenshot/fail-screenshot-1.png" width="800px"&gt;&lt;/a&gt;</msg>
<msg timestamp="20230119 20:01:07.500" level="FAIL">TimeoutError: locator.waitFor: Timeout 5000ms exceeded.
=========================== logs ===========================
waiting for selector "css=aside strong" to be visible
============================================================
Tip: Use "Set Browser Timeout" for increasing the timeout or double check your locator as the targeted element(s) couldn't be found.</msg>
<status status="FAIL" starttime="20230119 20:01:02.135" endtime="20230119 20:01:07.505"/>
</kw>
<kw name="Get Text" library="Browser">
<arg>${logged_user}</arg>
<arg>equal</arg>
<arg>${user_name}</arg>
<tag>Assertion</tag>
<tag>Getter</tag>
<tag>PageContent</tag>
<doc>Returns text attribute of the element found by ``selector``.</doc>
<status status="NOT RUN" starttime="20230119 20:01:07.507" endtime="20230119 20:01:07.508"/>
</kw>
<status status="FAIL" starttime="20230119 20:01:02.133" endtime="20230119 20:01:07.509"/>
</kw>
<status status="FAIL" starttime="20230119 20:01:00.281" endtime="20230119 20:01:07.510">TimeoutError: locator.waitFor: Timeout 5000ms exceeded.
=========================== logs ===========================
waiting for selector "css=aside strong" to be visible
============================================================
Tip: Use "Set Browser Timeout" for increasing the timeout or double check your locator as the targeted element(s) couldn't be found.</status>
</test>
<test id="s1-t2" name="Email não cadastrado" line="14">
<kw name="Go To Login Page" library="login">
<kw name="New Browser" library="Browser">
<arg>headless=False</arg>
<arg>browser=chromium</arg>
<tag>BrowserControl</tag>
<tag>Setter</tag>
<doc>Create a new playwright Browser with specified options.</doc>
<msg timestamp="20230119 20:01:07.636" level="INFO">{"browser": "chromium", "headless": false, "devtools": false, "handleSIGHUP": true, "handleSIGINT": true, "handleSIGTERM": true, "slowMo": 0.0, "timeout": 30000.0, "deprecated_pos_args": [], "tracesDir": "C:\\SmartBit\\apps\\webb\\tests\\logs\\browser\\traces\\0e46d41b-8053-4ca6-b9d9-470f137331f8"}</msg>
<msg timestamp="20230119 20:01:08.151" level="INFO">Successfully created browser with options: {"browser":"chromium","headless":false,"devtools":false,"handleSIGHUP":true,"handleSIGINT":true,"handleSIGTERM":true,"slowMo":0,"timeout":30000,"deprecated_pos_args":[],"tracesDir":"C:\\SmartBit\\apps\\webb\\tests\\logs\\browser\\traces\\0e46d41b-8053-4ca6-b9d9-470f137331f8"}</msg>
<status status="PASS" starttime="20230119 20:01:07.634" endtime="20230119 20:01:08.151"/>
</kw>
<kw name="New Page" library="Browser">
<arg>http://localhost:3000</arg>
<tag>BrowserControl</tag>
<tag>Setter</tag>
<doc>Open a new Page.</doc>
<msg timestamp="20230119 20:01:09.336" level="INFO">Successfully initialized new page object and opened url: http://localhost:3000</msg>
<msg timestamp="20230119 20:01:09.337" level="INFO">No context was open. New context was automatically opened when this page is created.</msg>
<status status="PASS" starttime="20230119 20:01:08.151" endtime="20230119 20:01:09.338"/>
</kw>
<kw name="Set Viewport Size" library="Browser">
<arg>1280</arg>
<arg>720</arg>
<tag>BrowserControl</tag>
<tag>Setter</tag>
<doc>Sets current Pages viewport size to specified dimensions.</doc>
<msg timestamp="20230119 20:01:09.348" level="INFO">Set viewport size to: [object Object]</msg>
<status status="PASS" starttime="20230119 20:01:09.340" endtime="20230119 20:01:09.349"/>
</kw>
<status status="PASS" starttime="20230119 20:01:07.634" endtime="20230119 20:01:09.350"/>
</kw>
<kw name="Fill Credentials" library="login">
<arg>404@smartbit.com</arg>
<arg>qacademy</arg>
<kw name="Fill Text" library="Browser">
<arg>css=input[placeholder="Seu e-mail"]</arg>
<arg>${email}</arg>
<tag>PageContent</tag>
<tag>Setter</tag>
<doc>Clears and fills the given ``txt`` into the text field found by ``selector``.</doc>
<msg timestamp="20230119 20:01:09.352" level="INFO">Fills the text '404@smartbit.com' in the given field.</msg>
<status status="PASS" starttime="20230119 20:01:09.351" endtime="20230119 20:01:09.417"/>
</kw>
<kw name="Fill Text" library="Browser">
<arg>css=input[placeholder="Sua Senha"]</arg>
<arg>${password}</arg>
<tag>PageContent</tag>
<tag>Setter</tag>
<doc>Clears and fills the given ``txt`` into the text field found by ``selector``.</doc>
<msg timestamp="20230119 20:01:09.418" level="INFO">Fills the text 'qacademy' in the given field.</msg>
<status status="PASS" starttime="20230119 20:01:09.417" endtime="20230119 20:01:09.453"/>
</kw>
<status status="PASS" starttime="20230119 20:01:09.351" endtime="20230119 20:01:09.454"/>
</kw>
<kw name="Submit Credentials" library="login">
<kw name="Click" library="Browser">
<arg>css=button &gt;&gt; text=Entrar no sistema</arg>
<tag>PageContent</tag>
<tag>Setter</tag>
<doc>Simulates mouse click on the element found by ``selector``.</doc>
<status status="PASS" starttime="20230119 20:01:09.457" endtime="20230119 20:01:09.532"/>
</kw>
<status status="PASS" starttime="20230119 20:01:09.455" endtime="20230119 20:01:09.532"/>
</kw>
<kw name="Verify Toaster" library="toast">
<arg>Suas credenciais são inválidas, por favor tente novamente!</arg>
<kw name="Wait For Elements State" library="Browser">
<arg>css=.Toastify__toast-body div &gt;&gt; text=${expected_message}</arg>
<arg>visible</arg>
<arg>5</arg>
<tag>PageContent</tag>
<tag>Wait</tag>
<doc>Waits for the element found by ``selector`` to satisfy state option.</doc>
<msg timestamp="20230119 20:01:11.900" level="INFO">Waited for Element with selector css=.Toastify__toast-body div &gt;&gt; text=Suas credenciais são inválidas, por favor tente novamente! at state visible</msg>
<status status="PASS" starttime="20230119 20:01:09.533" endtime="20230119 20:01:11.900"/>
</kw>
<kw name="Wait For Elements State" library="Browser">
<arg>css=.Toastify__toast-body div</arg>
<arg>detached</arg>
<arg>10</arg>
<tag>PageContent</tag>
<tag>Wait</tag>
<doc>Waits for the element found by ``selector`` to satisfy state option.</doc>
<msg timestamp="20230119 20:01:18.641" level="INFO">Waited for Element with selector css=.Toastify__toast-body div at state detached</msg>
<status status="PASS" starttime="20230119 20:01:11.901" endtime="20230119 20:01:18.641"/>
</kw>
<status status="PASS" starttime="20230119 20:01:09.533" endtime="20230119 20:01:18.642"/>
</kw>
<tag>temp</tag>
<status status="PASS" starttime="20230119 20:01:07.628" endtime="20230119 20:01:18.643"/>
</test>
<test id="s1-t3" name="Senha inválida" line="22">
<kw name="Go To Login Page" library="login">
<kw name="New Browser" library="Browser">
<arg>headless=False</arg>
<arg>browser=chromium</arg>
<tag>BrowserControl</tag>
<tag>Setter</tag>
<doc>Create a new playwright Browser with specified options.</doc>
<msg timestamp="20230119 20:01:18.788" level="INFO">{"browser": "chromium", "headless": false, "devtools": false, "handleSIGHUP": true, "handleSIGINT": true, "handleSIGTERM": true, "slowMo": 0.0, "timeout": 30000.0, "deprecated_pos_args": [], "tracesDir": "C:\\SmartBit\\apps\\webb\\tests\\logs\\browser\\traces\\724f3650-4df2-4ca0-81c8-a9bc2de9158a"}</msg>
<msg timestamp="20230119 20:01:19.160" level="INFO">Successfully created browser with options: {"browser":"chromium","headless":false,"devtools":false,"handleSIGHUP":true,"handleSIGINT":true,"handleSIGTERM":true,"slowMo":0,"timeout":30000,"deprecated_pos_args":[],"tracesDir":"C:\\SmartBit\\apps\\webb\\tests\\logs\\browser\\traces\\724f3650-4df2-4ca0-81c8-a9bc2de9158a"}</msg>
<status status="PASS" starttime="20230119 20:01:18.785" endtime="20230119 20:01:19.161"/>
</kw>
<kw name="New Page" library="Browser">
<arg>http://localhost:3000</arg>
<tag>BrowserControl</tag>
<tag>Setter</tag>
<doc>Open a new Page.</doc>
<msg timestamp="20230119 20:01:20.397" level="INFO">Successfully initialized new page object and opened url: http://localhost:3000</msg>
<msg timestamp="20230119 20:01:20.397" level="INFO">No context was open. New context was automatically opened when this page is created.</msg>
<status status="PASS" starttime="20230119 20:01:19.161" endtime="20230119 20:01:20.397"/>
</kw>
<kw name="Set Viewport Size" library="Browser">
<arg>1280</arg>
<arg>720</arg>
<tag>BrowserControl</tag>
<tag>Setter</tag>
<doc>Sets current Pages viewport size to specified dimensions.</doc>
<msg timestamp="20230119 20:01:20.406" level="INFO">Set viewport size to: [object Object]</msg>
<status status="PASS" starttime="20230119 20:01:20.398" endtime="20230119 20:01:20.406"/>
</kw>
<status status="PASS" starttime="20230119 20:01:18.785" endtime="20230119 20:01:20.408"/>
</kw>
<kw name="Fill Credentials" library="login">
<arg>admin@smartbit.com</arg>
<arg>abc123</arg>
<kw name="Fill Text" library="Browser">
<arg>css=input[placeholder="Seu e-mail"]</arg>
<arg>${email}</arg>
<tag>PageContent</tag>
<tag>Setter</tag>
<doc>Clears and fills the given ``txt`` into the text field found by ``selector``.</doc>
<msg timestamp="20230119 20:01:20.413" level="INFO">Fills the text 'admin@smartbit.com' in the given field.</msg>
<status status="PASS" starttime="20230119 20:01:20.412" endtime="20230119 20:01:20.468"/>
</kw>
<kw name="Fill Text" library="Browser">
<arg>css=input[placeholder="Sua Senha"]</arg>
<arg>${password}</arg>
<tag>PageContent</tag>
<tag>Setter</tag>
<doc>Clears and fills the given ``txt`` into the text field found by ``selector``.</doc>
<msg timestamp="20230119 20:01:20.468" level="INFO">Fills the text 'abc123' in the given field.</msg>
<status status="PASS" starttime="20230119 20:01:20.468" endtime="20230119 20:01:20.499"/>
</kw>
<status status="PASS" starttime="20230119 20:01:20.412" endtime="20230119 20:01:20.499"/>
</kw>
<kw name="Submit Credentials" library="login">
<kw name="Click" library="Browser">
<arg>css=button &gt;&gt; text=Entrar no sistema</arg>
<tag>PageContent</tag>
<tag>Setter</tag>
<doc>Simulates mouse click on the element found by ``selector``.</doc>
<status status="PASS" starttime="20230119 20:01:20.500" endtime="20230119 20:01:20.580"/>
</kw>
<status status="PASS" starttime="20230119 20:01:20.500" endtime="20230119 20:01:20.580"/>
</kw>
<kw name="Verify Toaster" library="toast">
<arg>Suas credenciais são inválidas, por favor tente novamente!</arg>
<kw name="Wait For Elements State" library="Browser">
<arg>css=.Toastify__toast-body div &gt;&gt; text=${expected_message}</arg>
<arg>visible</arg>
<arg>5</arg>
<tag>PageContent</tag>
<tag>Wait</tag>
<doc>Waits for the element found by ``selector`` to satisfy state option.</doc>
<msg timestamp="20230119 20:01:22.933" level="INFO">Waited for Element with selector css=.Toastify__toast-body div &gt;&gt; text=Suas credenciais são inválidas, por favor tente novamente! at state visible</msg>
<status status="PASS" starttime="20230119 20:01:20.581" endtime="20230119 20:01:22.933"/>
</kw>
<kw name="Wait For Elements State" library="Browser">
<arg>css=.Toastify__toast-body div</arg>
<arg>detached</arg>
<arg>10</arg>
<tag>PageContent</tag>
<tag>Wait</tag>
<doc>Waits for the element found by ``selector`` to satisfy state option.</doc>
<msg timestamp="20230119 20:01:29.678" level="INFO">Waited for Element with selector css=.Toastify__toast-body div at state detached</msg>
<status status="PASS" starttime="20230119 20:01:22.933" endtime="20230119 20:01:29.678"/>
</kw>
<status status="PASS" starttime="20230119 20:01:20.581" endtime="20230119 20:01:29.679"/>
</kw>
<tag>temp</tag>
<status status="PASS" starttime="20230119 20:01:18.781" endtime="20230119 20:01:29.679"/>
</test>
<test id="s1-t4" name="Email no formato incorreto" line="29">
<kw name="Go To Login Page" library="login">
<kw name="New Browser" library="Browser">
<arg>headless=False</arg>
<arg>browser=chromium</arg>
<tag>BrowserControl</tag>
<tag>Setter</tag>
<doc>Create a new playwright Browser with specified options.</doc>
<msg timestamp="20230119 20:01:29.805" level="INFO">{"browser": "chromium", "headless": false, "devtools": false, "handleSIGHUP": true, "handleSIGINT": true, "handleSIGTERM": true, "slowMo": 0.0, "timeout": 30000.0, "deprecated_pos_args": [], "tracesDir": "C:\\SmartBit\\apps\\webb\\tests\\logs\\browser\\traces\\2ccbf348-e14b-4420-b3d8-38f383766f3b"}</msg>
<msg timestamp="20230119 20:01:30.246" level="INFO">Successfully created browser with options: {"browser":"chromium","headless":false,"devtools":false,"handleSIGHUP":true,"handleSIGINT":true,"handleSIGTERM":true,"slowMo":0,"timeout":30000,"deprecated_pos_args":[],"tracesDir":"C:\\SmartBit\\apps\\webb\\tests\\logs\\browser\\traces\\2ccbf348-e14b-4420-b3d8-38f383766f3b"}</msg>
<status status="PASS" starttime="20230119 20:01:29.804" endtime="20230119 20:01:30.247"/>
</kw>
<kw name="New Page" library="Browser">
<arg>http://localhost:3000</arg>
<tag>BrowserControl</tag>
<tag>Setter</tag>
<doc>Open a new Page.</doc>
<msg timestamp="20230119 20:01:31.518" level="INFO">Successfully initialized new page object and opened url: http://localhost:3000</msg>
<msg timestamp="20230119 20:01:31.518" level="INFO">No context was open. New context was automatically opened when this page is created.</msg>
<status status="PASS" starttime="20230119 20:01:30.247" endtime="20230119 20:01:31.518"/>
</kw>
<kw name="Set Viewport Size" library="Browser">
<arg>1280</arg>
<arg>720</arg>
<tag>BrowserControl</tag>
<tag>Setter</tag>
<doc>Sets current Pages viewport size to specified dimensions.</doc>
<msg timestamp="20230119 20:01:31.530" level="INFO">Set viewport size to: [object Object]</msg>
<status status="PASS" starttime="20230119 20:01:31.519" endtime="20230119 20:01:31.530"/>
</kw>
<status status="PASS" starttime="20230119 20:01:29.803" endtime="20230119 20:01:31.530"/>
</kw>
<kw name="Fill Credentials" library="login">
<arg>@com.br</arg>
<arg>abc123</arg>
<kw name="Fill Text" library="Browser">
<arg>css=input[placeholder="Seu e-mail"]</arg>
<arg>${email}</arg>
<tag>PageContent</tag>
<tag>Setter</tag>
<doc>Clears and fills the given ``txt`` into the text field found by ``selector``.</doc>
<msg timestamp="20230119 20:01:31.533" level="INFO">Fills the text '@com.br' in the given field.</msg>
<status status="PASS" starttime="20230119 20:01:31.532" endtime="20230119 20:01:31.585"/>
</kw>
<kw name="Fill Text" library="Browser">
<arg>css=input[placeholder="Sua Senha"]</arg>
<arg>${password}</arg>
<tag>PageContent</tag>
<tag>Setter</tag>
<doc>Clears and fills the given ``txt`` into the text field found by ``selector``.</doc>
<msg timestamp="20230119 20:01:31.588" level="INFO">Fills the text 'abc123' in the given field.</msg>
<status status="PASS" starttime="20230119 20:01:31.587" endtime="20230119 20:01:31.629"/>
</kw>
<status status="PASS" starttime="20230119 20:01:31.531" endtime="20230119 20:01:31.634"/>
</kw>
<kw name="Submit Credentials" library="login">
<kw name="Click" library="Browser">
<arg>css=button &gt;&gt; text=Entrar no sistema</arg>
<tag>PageContent</tag>
<tag>Setter</tag>
<doc>Simulates mouse click on the element found by ``selector``.</doc>
<status status="PASS" starttime="20230119 20:01:31.636" endtime="20230119 20:01:31.754"/>
</kw>
<status status="PASS" starttime="20230119 20:01:31.635" endtime="20230119 20:01:31.756"/>
</kw>
<kw name="Field Type Should Be Email" library="login">
<kw name="Get Attribute" library="Browser">
<arg>css=input[placeholder="Seu e-mail"]</arg>
<arg>type</arg>
<arg>equal</arg>
<arg>email</arg>
<tag>Assertion</tag>
<tag>Getter</tag>
<tag>PageContent</tag>
<doc>Returns the HTML ``attribute`` of the element found by ``selector``.</doc>
<status status="PASS" starttime="20230119 20:01:31.765" endtime="20230119 20:01:31.803"/>
</kw>
<status status="PASS" starttime="20230119 20:01:31.760" endtime="20230119 20:01:31.804"/>
</kw>
<tag>temp</tag>
<status status="PASS" starttime="20230119 20:01:29.799" endtime="20230119 20:01:31.806"/>
</test>
<test id="s1-t5" name="Senha em branco" line="36">
<kw name="Go To Login Page" library="login">
<kw name="New Browser" library="Browser">
<arg>headless=False</arg>
<arg>browser=chromium</arg>
<tag>BrowserControl</tag>
<tag>Setter</tag>
<doc>Create a new playwright Browser with specified options.</doc>
<msg timestamp="20230119 20:01:32.019" level="INFO">{"browser": "chromium", "headless": false, "devtools": false, "handleSIGHUP": true, "handleSIGINT": true, "handleSIGTERM": true, "slowMo": 0.0, "timeout": 30000.0, "deprecated_pos_args": [], "tracesDir": "C:\\SmartBit\\apps\\webb\\tests\\logs\\browser\\traces\\73de6eed-e35f-43e8-9a41-4f28eb8d1358"}</msg>
<msg timestamp="20230119 20:01:32.429" level="INFO">Successfully created browser with options: {"browser":"chromium","headless":false,"devtools":false,"handleSIGHUP":true,"handleSIGINT":true,"handleSIGTERM":true,"slowMo":0,"timeout":30000,"deprecated_pos_args":[],"tracesDir":"C:\\SmartBit\\apps\\webb\\tests\\logs\\browser\\traces\\73de6eed-e35f-43e8-9a41-4f28eb8d1358"}</msg>
<status status="PASS" starttime="20230119 20:01:32.019" endtime="20230119 20:01:32.429"/>
</kw>
<kw name="New Page" library="Browser">
<arg>http://localhost:3000</arg>
<tag>BrowserControl</tag>
<tag>Setter</tag>
<doc>Open a new Page.</doc>
<msg timestamp="20230119 20:01:33.682" level="INFO">Successfully initialized new page object and opened url: http://localhost:3000</msg>
<msg timestamp="20230119 20:01:33.683" level="INFO">No context was open. New context was automatically opened when this page is created.</msg>
<status status="PASS" starttime="20230119 20:01:32.430" endtime="20230119 20:01:33.683"/>
</kw>
<kw name="Set Viewport Size" library="Browser">
<arg>1280</arg>
<arg>720</arg>
<tag>BrowserControl</tag>
<tag>Setter</tag>
<doc>Sets current Pages viewport size to specified dimensions.</doc>
<msg timestamp="20230119 20:01:33.685" level="INFO">Set viewport size to: [object Object]</msg>
<status status="PASS" starttime="20230119 20:01:33.683" endtime="20230119 20:01:33.685"/>
</kw>
<status status="PASS" starttime="20230119 20:01:32.018" endtime="20230119 20:01:33.686"/>
</kw>
<kw name="Fill Credentials" library="login">
<arg>admin@smartbit.com</arg>
<arg>${EMPTY}</arg>
<kw name="Fill Text" library="Browser">
<arg>css=input[placeholder="Seu e-mail"]</arg>
<arg>${email}</arg>
<tag>PageContent</tag>
<tag>Setter</tag>
<doc>Clears and fills the given ``txt`` into the text field found by ``selector``.</doc>
<msg timestamp="20230119 20:01:33.693" level="INFO">Fills the text 'admin@smartbit.com' in the given field.</msg>
<status status="PASS" starttime="20230119 20:01:33.691" endtime="20230119 20:01:33.750"/>
</kw>
<kw name="Fill Text" library="Browser">
<arg>css=input[placeholder="Sua Senha"]</arg>
<arg>${password}</arg>
<tag>PageContent</tag>
<tag>Setter</tag>
<doc>Clears and fills the given ``txt`` into the text field found by ``selector``.</doc>
<msg timestamp="20230119 20:01:33.751" level="INFO">Fills the text '' in the given field.</msg>
<status status="PASS" starttime="20230119 20:01:33.750" endtime="20230119 20:01:33.782"/>
</kw>
<status status="PASS" starttime="20230119 20:01:33.687" endtime="20230119 20:01:33.782"/>
</kw>
<kw name="Submit Credentials" library="login">
<kw name="Click" library="Browser">
<arg>css=button &gt;&gt; text=Entrar no sistema</arg>
<tag>PageContent</tag>
<tag>Setter</tag>
<doc>Simulates mouse click on the element found by ``selector``.</doc>
<status status="PASS" starttime="20230119 20:01:33.783" endtime="20230119 20:01:33.837"/>
</kw>
<status status="PASS" starttime="20230119 20:01:33.782" endtime="20230119 20:01:33.838"/>
</kw>
<kw name="Alert Text Should Be" library="login">
<arg>password</arg>
<arg>A senha é obrigatória</arg>
<kw name="Get Text" library="Browser">
<arg>xpath=//input[@type="${field}"]/..//span</arg>
<arg>equal</arg>
<arg>${expected_text}</arg>
<tag>Assertion</tag>
<tag>Getter</tag>
<tag>PageContent</tag>
<doc>Returns text attribute of the element found by ``selector``.</doc>
<status status="PASS" starttime="20230119 20:01:33.842" endtime="20230119 20:01:33.887"/>
</kw>
<status status="PASS" starttime="20230119 20:01:33.840" endtime="20230119 20:01:33.888"/>
</kw>
<tag>temp</tag>
<status status="PASS" starttime="20230119 20:01:32.016" endtime="20230119 20:01:33.890"/>
</test>
<test id="s1-t6" name="Email em branco" line="43">
<kw name="Go To Login Page" library="login">
<kw name="New Browser" library="Browser">
<arg>headless=False</arg>
<arg>browser=chromium</arg>
<tag>BrowserControl</tag>
<tag>Setter</tag>
<doc>Create a new playwright Browser with specified options.</doc>
<msg timestamp="20230119 20:01:34.017" level="INFO">{"browser": "chromium", "headless": false, "devtools": false, "handleSIGHUP": true, "handleSIGINT": true, "handleSIGTERM": true, "slowMo": 0.0, "timeout": 30000.0, "deprecated_pos_args": [], "tracesDir": "C:\\SmartBit\\apps\\webb\\tests\\logs\\browser\\traces\\b39e6995-f61c-4199-b705-fd6c17b23873"}</msg>
<msg timestamp="20230119 20:01:34.474" level="INFO">Successfully created browser with options: {"browser":"chromium","headless":false,"devtools":false,"handleSIGHUP":true,"handleSIGINT":true,"handleSIGTERM":true,"slowMo":0,"timeout":30000,"deprecated_pos_args":[],"tracesDir":"C:\\SmartBit\\apps\\webb\\tests\\logs\\browser\\traces\\b39e6995-f61c-4199-b705-fd6c17b23873"}</msg>
<status status="PASS" starttime="20230119 20:01:34.016" endtime="20230119 20:01:34.474"/>
</kw>
<kw name="New Page" library="Browser">
<arg>http://localhost:3000</arg>
<tag>BrowserControl</tag>
<tag>Setter</tag>
<doc>Open a new Page.</doc>
<msg timestamp="20230119 20:01:35.767" level="INFO">Successfully initialized new page object and opened url: http://localhost:3000</msg>
<msg timestamp="20230119 20:01:35.767" level="INFO">No context was open. New context was automatically opened when this page is created.</msg>
<status status="PASS" starttime="20230119 20:01:34.475" endtime="20230119 20:01:35.768"/>
</kw>
<kw name="Set Viewport Size" library="Browser">
<arg>1280</arg>
<arg>720</arg>
<tag>BrowserControl</tag>
<tag>Setter</tag>
<doc>Sets current Pages viewport size to specified dimensions.</doc>
<msg timestamp="20230119 20:01:35.780" level="INFO">Set viewport size to: [object Object]</msg>
<status status="PASS" starttime="20230119 20:01:35.769" endtime="20230119 20:01:35.780"/>
</kw>
<status status="PASS" starttime="20230119 20:01:34.016" endtime="20230119 20:01:35.780"/>
</kw>
<kw name="Fill Credentials" library="login">
<arg>${EMPTY}</arg>
<arg>qacademy</arg>
<kw name="Fill Text" library="Browser">
<arg>css=input[placeholder="Seu e-mail"]</arg>
<arg>${email}</arg>
<tag>PageContent</tag>
<tag>Setter</tag>
<doc>Clears and fills the given ``txt`` into the text field found by ``selector``.</doc>
<msg timestamp="20230119 20:01:35.782" level="INFO">Fills the text '' in the given field.</msg>
<status status="PASS" starttime="20230119 20:01:35.782" endtime="20230119 20:01:35.842"/>
</kw>
<kw name="Fill Text" library="Browser">
<arg>css=input[placeholder="Sua Senha"]</arg>
<arg>${password}</arg>
<tag>PageContent</tag>
<tag>Setter</tag>
<doc>Clears and fills the given ``txt`` into the text field found by ``selector``.</doc>
<msg timestamp="20230119 20:01:35.844" level="INFO">Fills the text 'qacademy' in the given field.</msg>
<status status="PASS" starttime="20230119 20:01:35.843" endtime="20230119 20:01:35.870"/>
</kw>
<status status="PASS" starttime="20230119 20:01:35.781" endtime="20230119 20:01:35.870"/>
</kw>
<kw name="Submit Credentials" library="login">
<kw name="Click" library="Browser">
<arg>css=button &gt;&gt; text=Entrar no sistema</arg>
<tag>PageContent</tag>
<tag>Setter</tag>
<doc>Simulates mouse click on the element found by ``selector``.</doc>
<status status="PASS" starttime="20230119 20:01:35.876" endtime="20230119 20:01:35.930"/>
</kw>
<status status="PASS" starttime="20230119 20:01:35.873" endtime="20230119 20:01:35.931"/>
</kw>
<kw name="Alert Text Should Be" library="login">
<arg>email</arg>
<arg>O e-mail é obrigatório</arg>
<kw name="Get Text" library="Browser">
<arg>xpath=//input[@type="${field}"]/..//span</arg>
<arg>equal</arg>
<arg>${expected_text}</arg>
<tag>Assertion</tag>
<tag>Getter</tag>
<tag>PageContent</tag>
<doc>Returns text attribute of the element found by ``selector``.</doc>
<status status="PASS" starttime="20230119 20:01:35.932" endtime="20230119 20:01:35.967"/>
</kw>
<status status="PASS" starttime="20230119 20:01:35.931" endtime="20230119 20:01:35.968"/>
</kw>
<tag>temp</tag>
<status status="PASS" starttime="20230119 20:01:34.012" endtime="20230119 20:01:35.968"/>
</test>
<test id="s1-t7" name="Email e senha são obrigatórios" line="50">
<kw name="Go To Login Page" library="login">
<kw name="New Browser" library="Browser">
<arg>headless=False</arg>
<arg>browser=chromium</arg>
<tag>BrowserControl</tag>
<tag>Setter</tag>
<doc>Create a new playwright Browser with specified options.</doc>
<msg timestamp="20230119 20:01:36.110" level="INFO">{"browser": "chromium", "headless": false, "devtools": false, "handleSIGHUP": true, "handleSIGINT": true, "handleSIGTERM": true, "slowMo": 0.0, "timeout": 30000.0, "deprecated_pos_args": [], "tracesDir": "C:\\SmartBit\\apps\\webb\\tests\\logs\\browser\\traces\\bd6c40c4-fc92-4648-8ca2-faad3675adcc"}</msg>
<msg timestamp="20230119 20:01:36.511" level="INFO">Successfully created browser with options: {"browser":"chromium","headless":false,"devtools":false,"handleSIGHUP":true,"handleSIGINT":true,"handleSIGTERM":true,"slowMo":0,"timeout":30000,"deprecated_pos_args":[],"tracesDir":"C:\\SmartBit\\apps\\webb\\tests\\logs\\browser\\traces\\bd6c40c4-fc92-4648-8ca2-faad3675adcc"}</msg>
<status status="PASS" starttime="20230119 20:01:36.109" endtime="20230119 20:01:36.511"/>
</kw>
<kw name="New Page" library="Browser">
<arg>http://localhost:3000</arg>
<tag>BrowserControl</tag>
<tag>Setter</tag>
<doc>Open a new Page.</doc>
<msg timestamp="20230119 20:01:37.752" level="INFO">Successfully initialized new page object and opened url: http://localhost:3000</msg>
<msg timestamp="20230119 20:01:37.753" level="INFO">No context was open. New context was automatically opened when this page is created.</msg>
<status status="PASS" starttime="20230119 20:01:36.512" endtime="20230119 20:01:37.754"/>
</kw>
<kw name="Set Viewport Size" library="Browser">
<arg>1280</arg>
<arg>720</arg>
<tag>BrowserControl</tag>
<tag>Setter</tag>
<doc>Sets current Pages viewport size to specified dimensions.</doc>
<msg timestamp="20230119 20:01:37.763" level="INFO">Set viewport size to: [object Object]</msg>
<status status="PASS" starttime="20230119 20:01:37.755" endtime="20230119 20:01:37.763"/>
</kw>
<status status="PASS" starttime="20230119 20:01:36.108" endtime="20230119 20:01:37.764"/>
</kw>
<kw name="Submit Credentials" library="login">
<kw name="Click" library="Browser">
<arg>css=button &gt;&gt; text=Entrar no sistema</arg>
<tag>PageContent</tag>
<tag>Setter</tag>
<doc>Simulates mouse click on the element found by ``selector``.</doc>
<status status="PASS" starttime="20230119 20:01:37.766" endtime="20230119 20:01:37.854"/>
</kw>
<status status="PASS" starttime="20230119 20:01:37.765" endtime="20230119 20:01:37.856"/>
</kw>
<kw name="Alert Text Should Be" library="login">
<arg>email</arg>
<arg>O e-mail é obrigatório</arg>
<kw name="Get Text" library="Browser">
<arg>xpath=//input[@type="${field}"]/..//span</arg>
<arg>equal</arg>
<arg>${expected_text}</arg>
<tag>Assertion</tag>
<tag>Getter</tag>
<tag>PageContent</tag>
<doc>Returns text attribute of the element found by ``selector``.</doc>
<status status="PASS" starttime="20230119 20:01:37.859" endtime="20230119 20:01:37.900"/>
</kw>
<status status="PASS" starttime="20230119 20:01:37.858" endtime="20230119 20:01:37.900"/>
</kw>
<kw name="Alert Text Should Be" library="login">
<arg>password</arg>
<arg>A senha é obrigatória</arg>
<kw name="Get Text" library="Browser">
<arg>xpath=//input[@type="${field}"]/..//span</arg>
<arg>equal</arg>
<arg>${expected_text}</arg>
<tag>Assertion</tag>
<tag>Getter</tag>
<tag>PageContent</tag>
<doc>Returns text attribute of the element found by ``selector``.</doc>
<status status="PASS" starttime="20230119 20:01:37.900" endtime="20230119 20:01:37.931"/>
</kw>
<status status="PASS" starttime="20230119 20:01:37.900" endtime="20230119 20:01:37.931"/>
</kw>
<tag>temp</tag>
<status status="PASS" starttime="20230119 20:01:36.096" endtime="20230119 20:01:37.932"/>
</test>
<doc>Suite de testes de autenticação
Administrador deve acessar o portal de gestão de academias</doc>
<status status="FAIL" starttime="20230119 20:00:59.399" endtime="20230119 20:01:38.039"/>
</suite>
<statistics>
<total>
<stat pass="6" fail="1" skip="0">All Tests</stat>
</total>
<tag>
<stat pass="6" fail="0" skip="0">temp</stat>
</tag>
<suite>
<stat pass="6" fail="1" skip="0" id="s1" name="Login">Login</stat>
</suite>
</statistics>
<errors>
</errors>
</robot>
